2021-01-22 11:49:50.950  INFO 5388 --- [restartedMain] c.b.e.EmployeePayrollAppApplication      : Starting EmployeePayrollAppApplication using Java 15.0.1 on Oprekin-PC with PID 5388 (C:\Users\Pratik Valvi\Music\WorkSpace\EmployeePayrollApp\target\classes started by Pratik Valvi in C:\Users\Pratik Valvi\Music\WorkSpace\EmployeePayrollApp)
2021-01-22 11:49:50.964 DEBUG 5388 --- [restartedMain] c.b.e.EmployeePayrollAppApplication      : Running with Spring Boot v2.4.2, Spring v5.3.3
2021-01-22 11:49:50.964  INFO 5388 --- [restartedMain] c.b.e.EmployeePayrollAppApplication      : No active profile set, falling back to default profiles: default
2021-01-22 11:49:51.541  WARN 5388 --- [restartedMain] com.zaxxer.hikari.util.DriverDataSource  : Registered driver with driverClassName=com.mysql.jdbc.Driver was not found, trying direct instantiation.
2021-01-22 11:49:51.771  WARN 5388 --- [restartedMain] JpaBaseConfiguration$JpaWebConfiguration : spring.jpa.open-in-view is enabled by default. Therefore, database queries may be performed during view rendering. Explicitly configure spring.jpa.open-in-view to disable this warning
2021-01-22 11:49:51.933  INFO 5388 --- [restartedMain] c.b.e.EmployeePayrollAppApplication      : Started EmployeePayrollAppApplication in 1.235 seconds (JVM running for 35358.786)
2021-01-22 11:49:51.936  INFO 5388 --- [restartedMain] c.b.e.EmployeePayrollAppApplication      : Employee Payroll App Started
2021-01-22 11:51:23.568  INFO 432 --- [restartedMain] c.b.e.EmployeePayrollAppApplication      : Starting EmployeePayrollAppApplication using Java 15.0.1 on Oprekin-PC with PID 432 (C:\Users\Pratik Valvi\Music\WorkSpace\EmployeePayrollApp\target\classes started by Pratik Valvi in C:\Users\Pratik Valvi\Music\WorkSpace\EmployeePayrollApp)
2021-01-22 11:51:23.574 DEBUG 432 --- [restartedMain] c.b.e.EmployeePayrollAppApplication      : Running with Spring Boot v2.4.2, Spring v5.3.3
2021-01-22 11:51:23.575  INFO 432 --- [restartedMain] c.b.e.EmployeePayrollAppApplication      : No active profile set, falling back to default profiles: default
2021-01-22 11:51:25.777  WARN 432 --- [restartedMain] com.zaxxer.hikari.util.DriverDataSource  : Registered driver with driverClassName=com.mysql.jdbc.Driver was not found, trying direct instantiation.
2021-01-22 11:51:27.307  WARN 432 --- [restartedMain] JpaBaseConfiguration$JpaWebConfiguration : spring.jpa.open-in-view is enabled by default. Therefore, database queries may be performed during view rendering. Explicitly configure spring.jpa.open-in-view to disable this warning
2021-01-22 11:51:27.756  INFO 432 --- [restartedMain] c.b.e.EmployeePayrollAppApplication      : Started EmployeePayrollAppApplication in 4.752 seconds (JVM running for 6.055)
2021-01-22 11:51:27.760  INFO 432 --- [restartedMain] c.b.e.EmployeePayrollAppApplication      : Employee Payroll App Started
2021-01-22 11:56:23.394  INFO 432 --- [restartedMain] c.b.e.EmployeePayrollAppApplication      : Starting EmployeePayrollAppApplication using Java 15.0.1 on Oprekin-PC with PID 432 (C:\Users\Pratik Valvi\Music\WorkSpace\EmployeePayrollApp\target\classes started by Pratik Valvi in C:\Users\Pratik Valvi\Music\WorkSpace\EmployeePayrollApp)
2021-01-22 11:56:23.395 DEBUG 432 --- [restartedMain] c.b.e.EmployeePayrollAppApplication      : Running with Spring Boot v2.4.2, Spring v5.3.3
2021-01-22 11:56:23.395  INFO 432 --- [restartedMain] c.b.e.EmployeePayrollAppApplication      : No active profile set, falling back to default profiles: default
2021-01-22 11:56:23.835  WARN 432 --- [restartedMain] com.zaxxer.hikari.util.DriverDataSource  : Registered driver with driverClassName=com.mysql.jdbc.Driver was not found, trying direct instantiation.
2021-01-22 11:56:23.912  WARN 432 --- [restartedMain] JpaBaseConfiguration$JpaWebConfiguration : spring.jpa.open-in-view is enabled by default. Therefore, database queries may be performed during view rendering. Explicitly configure spring.jpa.open-in-view to disable this warning
2021-01-22 11:56:24.071  INFO 432 --- [restartedMain] c.b.e.EmployeePayrollAppApplication      : Started EmployeePayrollAppApplication in 0.732 seconds (JVM running for 302.37)
2021-01-22 11:56:24.073  INFO 432 --- [restartedMain] c.b.e.EmployeePayrollAppApplication      : Employee Payroll App Started
2021-01-22 12:00:42.689  INFO 432 --- [restartedMain] c.b.e.EmployeePayrollAppApplication      : Starting EmployeePayrollAppApplication using Java 15.0.1 on Oprekin-PC with PID 432 (C:\Users\Pratik Valvi\Music\WorkSpace\EmployeePayrollApp\target\classes started by Pratik Valvi in C:\Users\Pratik Valvi\Music\WorkSpace\EmployeePayrollApp)
2021-01-22 12:00:42.690 DEBUG 432 --- [restartedMain] c.b.e.EmployeePayrollAppApplication      : Running with Spring Boot v2.4.2, Spring v5.3.3
2021-01-22 12:00:42.690  INFO 432 --- [restartedMain] c.b.e.EmployeePayrollAppApplication      : No active profile set, falling back to default profiles: default
2021-01-22 12:00:43.237  WARN 432 --- [restartedMain] com.zaxxer.hikari.util.DriverDataSource  : Registered driver with driverClassName=com.mysql.jdbc.Driver was not found, trying direct instantiation.
2021-01-22 12:00:43.320  WARN 432 --- [restartedMain] JpaBaseConfiguration$JpaWebConfiguration : spring.jpa.open-in-view is enabled by default. Therefore, database queries may be performed during view rendering. Explicitly configure spring.jpa.open-in-view to disable this warning
2021-01-22 12:00:43.504  INFO 432 --- [restartedMain] c.b.e.EmployeePayrollAppApplication      : Started EmployeePayrollAppApplication in 0.848 seconds (JVM running for 561.804)
2021-01-22 12:00:43.509  INFO 432 --- [restartedMain] c.b.e.EmployeePayrollAppApplication      : Employee Payroll App Started
2021-01-22 12:01:12.792  INFO 432 --- [restartedMain] c.b.e.EmployeePayrollAppApplication      : Starting EmployeePayrollAppApplication using Java 15.0.1 on Oprekin-PC with PID 432 (C:\Users\Pratik Valvi\Music\WorkSpace\EmployeePayrollApp\target\classes started by Pratik Valvi in C:\Users\Pratik Valvi\Music\WorkSpace\EmployeePayrollApp)
2021-01-22 12:01:12.793 DEBUG 432 --- [restartedMain] c.b.e.EmployeePayrollAppApplication      : Running with Spring Boot v2.4.2, Spring v5.3.3
2021-01-22 12:01:12.793  INFO 432 --- [restartedMain] c.b.e.EmployeePayrollAppApplication      : No active profile set, falling back to default profiles: default
2021-01-22 12:01:13.332  WARN 432 --- [restartedMain] com.zaxxer.hikari.util.DriverDataSource  : Registered driver with driverClassName=com.mysql.jdbc.Driver was not found, trying direct instantiation.
2021-01-22 12:01:13.582  WARN 432 --- [restartedMain] JpaBaseConfiguration$JpaWebConfiguration : spring.jpa.open-in-view is enabled by default. Therefore, database queries may be performed during view rendering. Explicitly configure spring.jpa.open-in-view to disable this warning
2021-01-22 12:01:13.736  INFO 432 --- [restartedMain] c.b.e.EmployeePayrollAppApplication      : Started EmployeePayrollAppApplication in 0.985 seconds (JVM running for 592.036)
2021-01-22 12:01:13.740  INFO 432 --- [restartedMain] c.b.e.EmployeePayrollAppApplication      : Employee Payroll App Started
2021-01-22 12:01:44.971  INFO 432 --- [restartedMain] c.b.e.EmployeePayrollAppApplication      : Starting EmployeePayrollAppApplication using Java 15.0.1 on Oprekin-PC with PID 432 (C:\Users\Pratik Valvi\Music\WorkSpace\EmployeePayrollApp\target\classes started by Pratik Valvi in C:\Users\Pratik Valvi\Music\WorkSpace\EmployeePayrollApp)
2021-01-22 12:01:44.971 DEBUG 432 --- [restartedMain] c.b.e.EmployeePayrollAppApplication      : Running with Spring Boot v2.4.2, Spring v5.3.3
2021-01-22 12:01:44.971  INFO 432 --- [restartedMain] c.b.e.EmployeePayrollAppApplication      : No active profile set, falling back to default profiles: default
2021-01-22 12:01:45.501  WARN 432 --- [restartedMain] com.zaxxer.hikari.util.DriverDataSource  : Registered driver with driverClassName=com.mysql.jdbc.Driver was not found, trying direct instantiation.
2021-01-22 12:01:45.567  WARN 432 --- [restartedMain] JpaBaseConfiguration$JpaWebConfiguration : spring.jpa.open-in-view is enabled by default. Therefore, database queries may be performed during view rendering. Explicitly configure spring.jpa.open-in-view to disable this warning
2021-01-22 12:01:45.745  INFO 432 --- [restartedMain] c.b.e.EmployeePayrollAppApplication      : Started EmployeePayrollAppApplication in 0.809 seconds (JVM running for 624.045)
2021-01-22 12:01:45.749  INFO 432 --- [restartedMain] c.b.e.EmployeePayrollAppApplication      : Employee Payroll App Started
2021-01-22 12:02:07.929  INFO 432 --- [restartedMain] c.b.e.EmployeePayrollAppApplication      : Starting EmployeePayrollAppApplication using Java 15.0.1 on Oprekin-PC with PID 432 (C:\Users\Pratik Valvi\Music\WorkSpace\EmployeePayrollApp\target\classes started by Pratik Valvi in C:\Users\Pratik Valvi\Music\WorkSpace\EmployeePayrollApp)
2021-01-22 12:02:07.929 DEBUG 432 --- [restartedMain] c.b.e.EmployeePayrollAppApplication      : Running with Spring Boot v2.4.2, Spring v5.3.3
2021-01-22 12:02:07.930  INFO 432 --- [restartedMain] c.b.e.EmployeePayrollAppApplication      : No active profile set, falling back to default profiles: default
2021-01-22 12:02:08.346  WARN 432 --- [restartedMain] com.zaxxer.hikari.util.DriverDataSource  : Registered driver with driverClassName=com.mysql.jdbc.Driver was not found, trying direct instantiation.
2021-01-22 12:02:08.539  WARN 432 --- [restartedMain] JpaBaseConfiguration$JpaWebConfiguration : spring.jpa.open-in-view is enabled by default. Therefore, database queries may be performed during view rendering. Explicitly configure spring.jpa.open-in-view to disable this warning
2021-01-22 12:02:08.764  INFO 432 --- [restartedMain] c.b.e.EmployeePayrollAppApplication      : Started EmployeePayrollAppApplication in 0.872 seconds (JVM running for 647.063)
2021-01-22 12:02:08.767  INFO 432 --- [restartedMain] c.b.e.EmployeePayrollAppApplication      : Employee Payroll App Started
